# JRE version: OpenJDK Runtime Environment (8.0_202-b03) (build 1.8.0_202-release-1483-b03)
# Java VM: OpenJDK 64-Bit Server VM (25.202-b03 mixed mode windows-amd64 compressed oops)
Heap:
 PSYoungGen      total 421888K, used 322432K [0x00000000e0000000, 0x0000000100000000, 0x0000000100000000)
  eden space 364544K, 72% used [0x00000000e0000000,0x00000000f030cf80,0x00000000f6400000)
  from space 57344K, 99% used [0x00000000f6400000,0x00000000f9bd3400,0x00000000f9c00000)
  to   space 82432K, 0% used [0x00000000faf80000,0x00000000faf80000,0x0000000100000000)
 ParOldGen       total 304640K, used 227776K [0x00000000a0000000, 0x00000000b2980000, 0x00000000e0000000)
  object space 304640K, 74% used [0x00000000a0000000,0x00000000ade70020,0x00000000b2980000)
 Metaspace       used 170116K, capacity 181769K, committed 181912K, reserved 1208320K
  class space    used 20920K, capacity 22952K, committed 22952K, reserved 1048576K
GC Heap History (10 events):
Event: 6421.505 GC heap before
{Heap before GC invocations=100 (full 5):
 PSYoungGen      total 440320K, used 404307K [0x00000000e0000000, 0x00000000ff700000, 0x0000000100000000)
  eden space 372736K, 100% used [0x00000000e0000000,0x00000000f6c00000,0x00000000f6c00000)
  from space 67584K, 46% used [0x00000000fb500000,0x00000000fd3d4e38,0x00000000ff700000)
  to   space 71168K, 0% used [0x00000000f6c00000,0x00000000f6c00000,0x00000000fb180000)
 ParOldGen       total 304640K, used 210280K [0x00000000a0000000, 0x00000000b2980000, 0x00000000e0000000)
  object space 304640K, 69% used [0x00000000a0000000,0x00000000acd5a338,0x00000000b2980000)
 Metaspace       used 165553K, capacity 177001K, committed 177304K, reserved 1204224K
  class space    used 20344K, capacity 22326K, committed 22440K, reserved 1048576K
Event: 6421.564 GC heap after
Heap after GC invocations=100 (full 5):
 PSYoungGen      total 443904K, used 39926K [0x00000000e0000000, 0x00000000fff80000, 0x0000000100000000)
  eden space 372736K, 0% used [0x00000000e0000000,0x00000000e0000000,0x00000000f6c00000)
  from space 71168K, 56% used [0x00000000f6c00000,0x00000000f92fd8e8,0x00000000fb180000)
  to   space 69120K, 0% used [0x00000000fbc00000,0x00000000fbc00000,0x00000000fff80000)
 ParOldGen       total 304640K, used 210288K [0x00000000a0000000, 0x00000000b2980000, 0x00000000e0000000)
  object space 304640K, 69% used [0x00000000a0000000,0x00000000acd5c338,0x00000000b2980000)
 Metaspace       used 165553K, capacity 177001K, committed 177304K, reserved 1204224K
  class space    used 20344K, capacity 22326K, committed 22440K, reserved 1048576K
}
Event: 6537.375 GC heap before
{Heap before GC invocations=101 (full 5):
 PSYoungGen      total 443904K, used 412662K [0x00000000e0000000, 0x00000000fff80000, 0x0000000100000000)
  eden space 372736K, 100% used [0x00000000e0000000,0x00000000f6c00000,0x00000000f6c00000)
  from space 71168K, 56% used [0x00000000f6c00000,0x00000000f92fd8e8,0x00000000fb180000)
  to   space 69120K, 0% used [0x00000000fbc00000,0x00000000fbc00000,0x00000000fff80000)
 ParOldGen       total 304640K, used 210288K [0x00000000a0000000, 0x00000000b2980000, 0x00000000e0000000)
  object space 304640K, 69% used [0x00000000a0000000,0x00000000acd5c338,0x00000000b2980000)
 Metaspace       used 165764K, capacity 177187K, committed 177560K, reserved 1204224K
  class space    used 20352K, capacity 22365K, committed 22440K, reserved 1048576K
Event: 6537.476 GC heap after
Heap after GC invocations=101 (full 5):
 PSYoungGen      total 449536K, used 22598K [0x00000000e0000000, 0x00000000ffc00000, 0x0000000100000000)
  eden space 384000K, 0% used [0x00000000e0000000,0x00000000e0000000,0x00000000f7700000)
  from space 65536K, 34% used [0x00000000fbc00000,0x00000000fd211a78,0x00000000ffc00000)
  to   space 68096K, 0% used [0x00000000f7700000,0x00000000f7700000,0x00000000fb980000)
 ParOldGen       total 304640K, used 210296K [0x00000000a0000000, 0x00000000b2980000, 0x00000000e0000000)
  object space 304640K, 69% used [0x00000000a0000000,0x00000000acd5e338,0x00000000b2980000)
 Metaspace       used 165764K, capacity 177187K, committed 177560K, reserved 1204224K
  class space    used 20352K, capacity 22365K, committed 22440K, reserved 1048576K
}
Event: 6540.952 GC heap before
{Heap before GC invocations=102 (full 5):
 PSYoungGen      total 449536K, used 406598K [0x00000000e0000000, 0x00000000ffc00000, 0x0000000100000000)
  eden space 384000K, 100% used [0x00000000e0000000,0x00000000f7700000,0x00000000f7700000)
  from space 65536K, 34% used [0x00000000fbc00000,0x00000000fd211a78,0x00000000ffc00000)
  to   space 68096K, 0% used [0x00000000f7700000,0x00000000f7700000,0x00000000fb980000)
 ParOldGen       total 304640K, used 210296K [0x00000000a0000000, 0x00000000b2980000, 0x00000000e0000000)
  object space 304640K, 69% used [0x00000000a0000000,0x00000000acd5e338,0x00000000b2980000)
 Metaspace       used 165800K, capacity 177187K, committed 177560K, reserved 1204224K
  class space    used 20352K, capacity 22365K, committed 22440K, reserved 1048576K
Event: 6541.571 GC heap after
Heap after GC invocations=102 (full 5):
 PSYoungGen      total 452096K, used 33524K [0x00000000e0000000, 0x00000000ffc80000, 0x0000000100000000)
  eden space 384000K, 0% used [0x00000000e0000000,0x00000000e0000000,0x00000000f7700000)
  from space 68096K, 49% used [0x00000000f7700000,0x00000000f97bd238,0x00000000fb980000)
  to   space 65024K, 0% used [0x00000000fbd00000,0x00000000fbd00000,0x00000000ffc80000)
 ParOldGen       total 304640K, used 210304K [0x00000000a0000000, 0x00000000b2980000, 0x00000000e0000000)
  object space 304640K, 69% used [0x00000000a0000000,0x00000000acd60338,0x00000000b2980000)
 Metaspace       used 165800K, capacity 177187K, committed 177560K, reserved 1204224K
  class space    used 20352K, capacity 22365K, committed 22440K, reserved 1048576K
}
Event: 6555.061 GC heap before
{Heap before GC invocations=103 (full 5):
 PSYoungGen      total 452096K, used 417524K [0x00000000e0000000, 0x00000000ffc80000, 0x0000000100000000)
  eden space 384000K, 100% used [0x00000000e0000000,0x00000000f7700000,0x00000000f7700000)
  from space 68096K, 49% used [0x00000000f7700000,0x00000000f97bd238,0x00000000fb980000)
  to   space 65024K, 0% used [0x00000000fbd00000,0x00000000fbd00000,0x00000000ffc80000)
 ParOldGen       total 304640K, used 210304K [0x00000000a0000000, 0x00000000b2980000, 0x00000000e0000000)
  object space 304640K, 69% used [0x00000000a0000000,0x00000000acd60338,0x00000000b2980000)
 Metaspace       used 170078K, capacity 181753K, committed 181912K, reserved 1208320K
  class space    used 20918K, capacity 22950K, committed 22952K, reserved 1048576K
Event: 6555.335 GC heap after
Heap after GC invocations=103 (full 5):
 PSYoungGen      total 429568K, used 65002K [0x00000000e0000000, 0x0000000100000000, 0x0000000100000000)
  eden space 364544K, 0% used [0x00000000e0000000,0x00000000e0000000,0x00000000f6400000)
  from space 65024K, 99% used [0x00000000fbd00000,0x00000000ffc7a850,0x00000000ffc80000)
  to   space 79872K, 0% used [0x00000000f6400000,0x00000000f6400000,0x00000000fb200000)
 ParOldGen       total 304640K, used 227720K [0x00000000a0000000, 0x00000000b2980000, 0x00000000e0000000)
  object space 304640K, 74% used [0x00000000a0000000,0x00000000ade62020,0x00000000b2980000)
 Metaspace       used 170078K, capacity 181753K, committed 181912K, reserved 1208320K
  class space    used 20918K, capacity 22950K, committed 22952K, reserved 1048576K
}
Event: 6593.074 GC heap before
{Heap before GC invocations=104 (full 5):
 PSYoungGen      total 429568K, used 429546K [0x00000000e0000000, 0x0000000100000000, 0x0000000100000000)
  eden space 364544K, 100% used [0x00000000e0000000,0x00000000f6400000,0x00000000f6400000)
  from space 65024K, 99% used [0x00000000fbd00000,0x00000000ffc7a850,0x00000000ffc80000)
  to   space 79872K, 0% used [0x00000000f6400000,0x00000000f6400000,0x00000000fb200000)
 ParOldGen       total 304640K, used 227720K [0x00000000a0000000, 0x00000000b2980000, 0x00000000e0000000)
  object space 304640K, 74% used [0x00000000a0000000,0x00000000ade62020,0x00000000b2980000)
 Metaspace       used 170116K, capacity 181769K, committed 181912K, reserved 1208320K
  class space    used 20920K, capacity 22952K, committed 22952K, reserved 1048576K
Event: 6593.244 GC heap after
Heap after GC invocations=104 (full 5):
 PSYoungGen      total 421888K, used 57165K [0x00000000e0000000, 0x0000000100000000, 0x0000000100000000)
  eden space 364544K, 0% used [0x00000000e0000000,0x00000000e0000000,0x00000000f6400000)
  from space 57344K, 99% used [0x00000000f6400000,0x00000000f9bd3400,0x00000000f9c00000)
  to   space 82432K, 0% used [0x00000000faf80000,0x00000000faf80000,0x0000000100000000)
 ParOldGen       total 304640K, used 227776K [0x00000000a0000000, 0x00000000b2980000, 0x00000000e0000000)
  object space 304640K, 74% used [0x00000000a0000000,0x00000000ade70020,0x00000000b2980000)
 Metaspace       used 170116K, capacity 181769K, committed 181912K, reserved 1208320K
  class space    used 20920K, capacity 22952K, committed 22952K, reserved 1048576K
}

