# JRE version: OpenJDK Runtime Environment (8.0_242-b01) (build 1.8.0_242-release-1644-b01)
# Java VM: OpenJDK 64-Bit Server VM (25.242-b01 mixed mode windows-amd64 compressed oops)
Heap:
 PSYoungGen      total 184320K, used 21568K [0x00000000e0000000, 0x00000000ef000000, 0x0000000100000000)
  eden space 167936K, 12% used [0x00000000e0000000,0x00000000e15103f0,0x00000000ea400000)
  from space 16384K, 0% used [0x00000000ea400000,0x00000000ea400000,0x00000000eb400000)
  to   space 22016K, 0% used [0x00000000eda80000,0x00000000eda80000,0x00000000ef000000)
 ParOldGen       total 123904K, used 38592K [0x00000000a0000000, 0x00000000a7900000, 0x00000000e0000000)
  object space 123904K, 31% used [0x00000000a0000000,0x00000000a25b0050,0x00000000a7900000)
 Metaspace       used 58658K, capacity 60554K, committed 60952K, reserved 1101824K
  class space    used 7585K, capacity 8028K, committed 8112K, reserved 1048576K
GC Heap History (10 events):
Event: 16.424 GC heap before
{Heap before GC invocations=10 (full 2):
 PSYoungGen      total 111616K, used 97280K [0x00000000e0000000, 0x00000000eb980000, 0x0000000100000000)
  eden space 97280K, 100% used [0x00000000e0000000,0x00000000e5f00000,0x00000000e5f00000)
  from space 14336K, 0% used [0x00000000e5f00000,0x00000000e5f00000,0x00000000e6d00000)
  to   space 14848K, 0% used [0x00000000eab00000,0x00000000eab00000,0x00000000eb980000)
 ParOldGen       total 123904K, used 16956K [0x00000000a0000000, 0x00000000a7900000, 0x00000000e0000000)
  object space 123904K, 13% used [0x00000000a0000000,0x00000000a108f3c0,0x00000000a7900000)
 Metaspace       used 40159K, capacity 41438K, committed 41648K, reserved 1085440K
  class space    used 5419K, capacity 5754K, committed 5808K, reserved 1048576K
Event: 16.441 GC heap after
Heap after GC invocations=10 (full 2):
 PSYoungGen      total 147968K, used 10047K [0x00000000e0000000, 0x00000000eb500000, 0x0000000100000000)
  eden space 137728K, 0% used [0x00000000e0000000,0x00000000e0000000,0x00000000e8680000)
  from space 10240K, 98% used [0x00000000eab00000,0x00000000eb4cfc90,0x00000000eb500000)
  to   space 15360K, 0% used [0x00000000e9700000,0x00000000e9700000,0x00000000ea600000)
 ParOldGen       total 123904K, used 16964K [0x00000000a0000000, 0x00000000a7900000, 0x00000000e0000000)
  object space 123904K, 13% used [0x00000000a0000000,0x00000000a10913c0,0x00000000a7900000)
 Metaspace       used 40159K, capacity 41438K, committed 41648K, reserved 1085440K
  class space    used 5419K, capacity 5754K, committed 5808K, reserved 1048576K
}
Event: 26.249 GC heap before
{Heap before GC invocations=11 (full 2):
 PSYoungGen      total 147968K, used 147775K [0x00000000e0000000, 0x00000000eb500000, 0x0000000100000000)
  eden space 137728K, 100% used [0x00000000e0000000,0x00000000e8680000,0x00000000e8680000)
  from space 10240K, 98% used [0x00000000eab00000,0x00000000eb4cfc90,0x00000000eb500000)
  to   space 15360K, 0% used [0x00000000e9700000,0x00000000e9700000,0x00000000ea600000)
 ParOldGen       total 123904K, used 16964K [0x00000000a0000000, 0x00000000a7900000, 0x00000000e0000000)
  object space 123904K, 13% used [0x00000000a0000000,0x00000000a10913c0,0x00000000a7900000)
 Metaspace       used 46600K, capacity 48140K, committed 48176K, reserved 1091584K
  class space    used 6091K, capacity 6421K, committed 6448K, reserved 1048576K
Event: 26.281 GC heap after
Heap after GC invocations=11 (full 2):
 PSYoungGen      total 169984K, used 13329K [0x00000000e0000000, 0x00000000ec400000, 0x0000000100000000)
  eden space 154624K, 0% used [0x00000000e0000000,0x00000000e0000000,0x00000000e9700000)
  from space 15360K, 86% used [0x00000000e9700000,0x00000000ea4044a8,0x00000000ea600000)
  to   space 16384K, 0% used [0x00000000eb400000,0x00000000eb400000,0x00000000ec400000)
 ParOldGen       total 123904K, used 16972K [0x00000000a0000000, 0x00000000a7900000, 0x00000000e0000000)
  object space 123904K, 13% used [0x00000000a0000000,0x00000000a10933c0,0x00000000a7900000)
 Metaspace       used 46600K, capacity 48140K, committed 48176K, reserved 1091584K
  class space    used 6091K, capacity 6421K, committed 6448K, reserved 1048576K
}
Event: 28.232 GC heap before
{Heap before GC invocations=12 (full 2):
 PSYoungGen      total 169984K, used 167953K [0x00000000e0000000, 0x00000000ec400000, 0x0000000100000000)
  eden space 154624K, 100% used [0x00000000e0000000,0x00000000e9700000,0x00000000e9700000)
  from space 15360K, 86% used [0x00000000e9700000,0x00000000ea4044a8,0x00000000ea600000)
  to   space 16384K, 0% used [0x00000000eb400000,0x00000000eb400000,0x00000000ec400000)
 ParOldGen       total 123904K, used 16972K [0x00000000a0000000, 0x00000000a7900000, 0x00000000e0000000)
  object space 123904K, 13% used [0x00000000a0000000,0x00000000a10933c0,0x00000000a7900000)
 Metaspace       used 46610K, capacity 48140K, committed 48176K, reserved 1091584K
  class space    used 6091K, capacity 6421K, committed 6448K, reserved 1048576K
Event: 28.253 GC heap after
Heap after GC invocations=12 (full 2):
 PSYoungGen      total 184320K, used 10065K [0x00000000e0000000, 0x00000000ed780000, 0x0000000100000000)
  eden space 167936K, 0% used [0x00000000e0000000,0x00000000e0000000,0x00000000ea400000)
  from space 16384K, 61% used [0x00000000eb400000,0x00000000ebdd4468,0x00000000ec400000)
  to   space 16384K, 0% used [0x00000000ea400000,0x00000000ea400000,0x00000000eb400000)
 ParOldGen       total 123904K, used 17052K [0x00000000a0000000, 0x00000000a7900000, 0x00000000e0000000)
  object space 123904K, 13% used [0x00000000a0000000,0x00000000a10a73d0,0x00000000a7900000)
 Metaspace       used 46610K, capacity 48140K, committed 48176K, reserved 1091584K
  class space    used 6091K, capacity 6421K, committed 6448K, reserved 1048576K
}
Event: 34.094 GC heap before
{Heap before GC invocations=13 (full 2):
 PSYoungGen      total 184320K, used 157812K [0x00000000e0000000, 0x00000000ed780000, 0x0000000100000000)
  eden space 167936K, 87% used [0x00000000e0000000,0x00000000e9048d00,0x00000000ea400000)
  from space 16384K, 61% used [0x00000000eb400000,0x00000000ebdd4468,0x00000000ec400000)
  to   space 16384K, 0% used [0x00000000ea400000,0x00000000ea400000,0x00000000eb400000)
 ParOldGen       total 123904K, used 17052K [0x00000000a0000000, 0x00000000a7900000, 0x00000000e0000000)
  object space 123904K, 13% used [0x00000000a0000000,0x00000000a10a73d0,0x00000000a7900000)
 Metaspace       used 57055K, capacity 59024K, committed 59160K, reserved 1101824K
  class space    used 7394K, capacity 7836K, committed 7856K, reserved 1048576K
Event: 34.143 GC heap after
Heap after GC invocations=13 (full 2):
 PSYoungGen      total 184320K, used 16365K [0x00000000e0000000, 0x00000000ef000000, 0x0000000100000000)
  eden space 167936K, 0% used [0x00000000e0000000,0x00000000e0000000,0x00000000ea400000)
  from space 16384K, 99% used [0x00000000ea400000,0x00000000eb3fb778,0x00000000eb400000)
  to   space 22016K, 0% used [0x00000000eda80000,0x00000000eda80000,0x00000000ef000000)
 ParOldGen       total 123904K, used 26134K [0x00000000a0000000, 0x00000000a7900000, 0x00000000e0000000)
  object space 123904K, 21% used [0x00000000a0000000,0x00000000a1985958,0x00000000a7900000)
 Metaspace       used 57055K, capacity 59024K, committed 59160K, reserved 1101824K
  class space    used 7394K, capacity 7836K, committed 7856K, reserved 1048576K
}
Event: 34.143 GC heap before
{Heap before GC invocations=14 (full 3):
 PSYoungGen      total 184320K, used 16365K [0x00000000e0000000, 0x00000000ef000000, 0x0000000100000000)
  eden space 167936K, 0% used [0x00000000e0000000,0x00000000e0000000,0x00000000ea400000)
  from space 16384K, 99% used [0x00000000ea400000,0x00000000eb3fb778,0x00000000eb400000)
  to   space 22016K, 0% used [0x00000000eda80000,0x00000000eda80000,0x00000000ef000000)
 ParOldGen       total 123904K, used 26134K [0x00000000a0000000, 0x00000000a7900000, 0x00000000e0000000)
  object space 123904K, 21% used [0x00000000a0000000,0x00000000a1985958,0x00000000a7900000)
 Metaspace       used 57055K, capacity 59024K, committed 59160K, reserved 1101824K
  class space    used 7394K, capacity 7836K, committed 7856K, reserved 1048576K
Event: 34.647 GC heap after
Heap after GC invocations=14 (full 3):
 PSYoungGen      total 184320K, used 0K [0x00000000e0000000, 0x00000000ef000000, 0x0000000100000000)
  eden space 167936K, 0% used [0x00000000e0000000,0x00000000e0000000,0x00000000ea400000)
  from space 16384K, 0% used [0x00000000ea400000,0x00000000ea400000,0x00000000eb400000)
  to   space 22016K, 0% used [0x00000000eda80000,0x00000000eda80000,0x00000000ef000000)
 ParOldGen       total 123904K, used 38592K [0x00000000a0000000, 0x00000000a7900000, 0x00000000e0000000)
  object space 123904K, 31% used [0x00000000a0000000,0x00000000a25b0050,0x00000000a7900000)
 Metaspace       used 56952K, capacity 58768K, committed 59160K, reserved 1101824K
  class space    used 7365K, capacity 7767K, committed 7856K, reserved 1048576K
}

