# JRE version: OpenJDK Runtime Environment (8.0_202-b03) (build 1.8.0_202-release-1483-b03)
# Java VM: OpenJDK 64-Bit Server VM (25.202-b03 mixed mode windows-amd64 compressed oops)
Heap:
 PSYoungGen      total 333824K, used 264672K [0x00000000e0000000, 0x00000000f5b00000, 0x0000000100000000)
  eden space 316416K, 82% used [0x00000000e0000000,0x00000000efe91070,0x00000000f3500000)
  from space 17408K, 22% used [0x00000000f3500000,0x00000000f38e7250,0x00000000f4600000)
  to   space 17408K, 0% used [0x00000000f4600000,0x00000000f4600000,0x00000000f5700000)
 ParOldGen       total 136704K, used 44568K [0x00000000a0000000, 0x00000000a8580000, 0x00000000e0000000)
  object space 136704K, 32% used [0x00000000a0000000,0x00000000a2b86158,0x00000000a8580000)
 Metaspace       used 72907K, capacity 75824K, committed 75864K, reserved 1114112K
  class space    used 9716K, capacity 10335K, committed 10368K, reserved 1048576K
GC Heap History (10 events):
Event: 75.763 GC heap before
{Heap before GC invocations=26 (full 3):
 PSYoungGen      total 298496K, used 290121K [0x00000000e0000000, 0x00000000f3700000, 0x0000000100000000)
  eden space 282624K, 100% used [0x00000000e0000000,0x00000000f1400000,0x00000000f1400000)
  from space 15872K, 47% used [0x00000000f2780000,0x00000000f2ed24d0,0x00000000f3700000)
  to   space 17920K, 0% used [0x00000000f1400000,0x00000000f1400000,0x00000000f2580000)
 ParOldGen       total 136704K, used 44544K [0x00000000a0000000, 0x00000000a8580000, 0x00000000e0000000)
  object space 136704K, 32% used [0x00000000a0000000,0x00000000a2b80158,0x00000000a8580000)
 Metaspace       used 72685K, capacity 75560K, committed 75608K, reserved 1114112K
  class space    used 9705K, capacity 10327K, committed 10368K, reserved 1048576K
Event: 75.793 GC heap after
Heap after GC invocations=26 (full 3):
 PSYoungGen      total 300544K, used 5958K [0x00000000e0000000, 0x00000000f4a80000, 0x0000000100000000)
  eden space 282624K, 0% used [0x00000000e0000000,0x00000000e0000000,0x00000000f1400000)
  from space 17920K, 33% used [0x00000000f1400000,0x00000000f19d18a8,0x00000000f2580000)
  to   space 17408K, 0% used [0x00000000f3980000,0x00000000f3980000,0x00000000f4a80000)
 ParOldGen       total 136704K, used 44552K [0x00000000a0000000, 0x00000000a8580000, 0x00000000e0000000)
  object space 136704K, 32% used [0x00000000a0000000,0x00000000a2b82158,0x00000000a8580000)
 Metaspace       used 72685K, capacity 75560K, committed 75608K, reserved 1114112K
  class space    used 9705K, capacity 10327K, committed 10368K, reserved 1048576K
}
Event: 89.167 GC heap before
{Heap before GC invocations=27 (full 3):
 PSYoungGen      total 300544K, used 288582K [0x00000000e0000000, 0x00000000f4a80000, 0x0000000100000000)
  eden space 282624K, 100% used [0x00000000e0000000,0x00000000f1400000,0x00000000f1400000)
  from space 17920K, 33% used [0x00000000f1400000,0x00000000f19d18a8,0x00000000f2580000)
  to   space 17408K, 0% used [0x00000000f3980000,0x00000000f3980000,0x00000000f4a80000)
 ParOldGen       total 136704K, used 44552K [0x00000000a0000000, 0x00000000a8580000, 0x00000000e0000000)
  object space 136704K, 32% used [0x00000000a0000000,0x00000000a2b82158,0x00000000a8580000)
 Metaspace       used 72730K, capacity 75660K, committed 75864K, reserved 1114112K
  class space    used 9708K, capacity 10331K, committed 10368K, reserved 1048576K
Event: 89.187 GC heap after
Heap after GC invocations=27 (full 3):
 PSYoungGen      total 313856K, used 3401K [0x00000000e0000000, 0x00000000f4700000, 0x0000000100000000)
  eden space 300032K, 0% used [0x00000000e0000000,0x00000000e0000000,0x00000000f2500000)
  from space 13824K, 24% used [0x00000000f3980000,0x00000000f3cd2518,0x00000000f4700000)
  to   space 17408K, 0% used [0x00000000f2500000,0x00000000f2500000,0x00000000f3600000)
 ParOldGen       total 136704K, used 44560K [0x00000000a0000000, 0x00000000a8580000, 0x00000000e0000000)
  object space 136704K, 32% used [0x00000000a0000000,0x00000000a2b84158,0x00000000a8580000)
 Metaspace       used 72730K, capacity 75660K, committed 75864K, reserved 1114112K
  class space    used 9708K, capacity 10331K, committed 10368K, reserved 1048576K
}
Event: 91.985 GC heap before
{Heap before GC invocations=28 (full 3):
 PSYoungGen      total 313856K, used 303433K [0x00000000e0000000, 0x00000000f4700000, 0x0000000100000000)
  eden space 300032K, 100% used [0x00000000e0000000,0x00000000f2500000,0x00000000f2500000)
  from space 13824K, 24% used [0x00000000f3980000,0x00000000f3cd2518,0x00000000f4700000)
  to   space 17408K, 0% used [0x00000000f2500000,0x00000000f2500000,0x00000000f3600000)
 ParOldGen       total 136704K, used 44560K [0x00000000a0000000, 0x00000000a8580000, 0x00000000e0000000)
  object space 136704K, 32% used [0x00000000a0000000,0x00000000a2b84158,0x00000000a8580000)
 Metaspace       used 72794K, capacity 75744K, committed 75864K, reserved 1114112K
  class space    used 9710K, capacity 10333K, committed 10368K, reserved 1048576K
Event: 92.017 GC heap after
Heap after GC invocations=28 (full 3):
 PSYoungGen      total 317440K, used 4111K [0x00000000e0000000, 0x00000000f5700000, 0x0000000100000000)
  eden space 300032K, 0% used [0x00000000e0000000,0x00000000e0000000,0x00000000f2500000)
  from space 17408K, 23% used [0x00000000f2500000,0x00000000f2903f98,0x00000000f3600000)
  to   space 17408K, 0% used [0x00000000f4600000,0x00000000f4600000,0x00000000f5700000)
 ParOldGen       total 136704K, used 44560K [0x00000000a0000000, 0x00000000a8580000, 0x00000000e0000000)
  object space 136704K, 32% used [0x00000000a0000000,0x00000000a2b84158,0x00000000a8580000)
 Metaspace       used 72794K, capacity 75744K, committed 75864K, reserved 1114112K
  class space    used 9710K, capacity 10333K, committed 10368K, reserved 1048576K
}
Event: 94.852 GC heap before
{Heap before GC invocations=29 (full 3):
 PSYoungGen      total 317440K, used 304143K [0x00000000e0000000, 0x00000000f5700000, 0x0000000100000000)
  eden space 300032K, 100% used [0x00000000e0000000,0x00000000f2500000,0x00000000f2500000)
  from space 17408K, 23% used [0x00000000f2500000,0x00000000f2903f98,0x00000000f3600000)
  to   space 17408K, 0% used [0x00000000f4600000,0x00000000f4600000,0x00000000f5700000)
 ParOldGen       total 136704K, used 44560K [0x00000000a0000000, 0x00000000a8580000, 0x00000000e0000000)
  object space 136704K, 32% used [0x00000000a0000000,0x00000000a2b84158,0x00000000a8580000)
 Metaspace       used 72829K, capacity 75744K, committed 75864K, reserved 1114112K
  class space    used 9711K, capacity 10333K, committed 10368K, reserved 1048576K
Event: 94.901 GC heap after
Heap after GC invocations=29 (full 3):
 PSYoungGen      total 333824K, used 11153K [0x00000000e0000000, 0x00000000f5b00000, 0x0000000100000000)
  eden space 316416K, 0% used [0x00000000e0000000,0x00000000e0000000,0x00000000f3500000)
  from space 17408K, 64% used [0x00000000f4600000,0x00000000f50e4780,0x00000000f5700000)
  to   space 17408K, 0% used [0x00000000f3500000,0x00000000f3500000,0x00000000f4600000)
 ParOldGen       total 136704K, used 44560K [0x00000000a0000000, 0x00000000a8580000, 0x00000000e0000000)
  object space 136704K, 32% used [0x00000000a0000000,0x00000000a2b84158,0x00000000a8580000)
 Metaspace       used 72829K, capacity 75744K, committed 75864K, reserved 1114112K
  class space    used 9711K, capacity 10333K, committed 10368K, reserved 1048576K
}
Event: 98.564 GC heap before
{Heap before GC invocations=30 (full 3):
 PSYoungGen      total 333824K, used 327569K [0x00000000e0000000, 0x00000000f5b00000, 0x0000000100000000)
  eden space 316416K, 100% used [0x00000000e0000000,0x00000000f3500000,0x00000000f3500000)
  from space 17408K, 64% used [0x00000000f4600000,0x00000000f50e4780,0x00000000f5700000)
  to   space 17408K, 0% used [0x00000000f3500000,0x00000000f3500000,0x00000000f4600000)
 ParOldGen       total 136704K, used 44560K [0x00000000a0000000, 0x00000000a8580000, 0x00000000e0000000)
  object space 136704K, 32% used [0x00000000a0000000,0x00000000a2b84158,0x00000000a8580000)
 Metaspace       used 72852K, capacity 75810K, committed 75864K, reserved 1114112K
  class space    used 9712K, capacity 10334K, committed 10368K, reserved 1048576K
Event: 98.583 GC heap after
Heap after GC invocations=30 (full 3):
 PSYoungGen      total 333824K, used 3996K [0x00000000e0000000, 0x00000000f5b00000, 0x0000000100000000)
  eden space 316416K, 0% used [0x00000000e0000000,0x00000000e0000000,0x00000000f3500000)
  from space 17408K, 22% used [0x00000000f3500000,0x00000000f38e7250,0x00000000f4600000)
  to   space 17408K, 0% used [0x00000000f4600000,0x00000000f4600000,0x00000000f5700000)
 ParOldGen       total 136704K, used 44568K [0x00000000a0000000, 0x00000000a8580000, 0x00000000e0000000)
  object space 136704K, 32% used [0x00000000a0000000,0x00000000a2b86158,0x00000000a8580000)
 Metaspace       used 72852K, capacity 75810K, committed 75864K, reserved 1114112K
  class space    used 9712K, capacity 10334K, committed 10368K, reserved 1048576K
}

