# JRE version: OpenJDK Runtime Environment (8.0_202-b03) (build 1.8.0_202-release-1483-b03)
# Java VM: OpenJDK 64-Bit Server VM (25.202-b03 mixed mode windows-amd64 compressed oops)
Heap:
 PSYoungGen      total 369152K, used 145535K [0x00000000e0000000, 0x00000000f9f80000, 0x0000000100000000)
  eden space 327168K, 40% used [0x00000000e0000000,0x00000000e823e6e8,0x00000000f3f80000)
  from space 41984K, 28% used [0x00000000f3f80000,0x00000000f4b618d8,0x00000000f6880000)
  to   space 39424K, 0% used [0x00000000f7900000,0x00000000f7900000,0x00000000f9f80000)
 ParOldGen       total 131584K, used 89773K [0x00000000a0000000, 0x00000000a8080000, 0x00000000e0000000)
  object space 131584K, 68% used [0x00000000a0000000,0x00000000a57ab600,0x00000000a8080000)
 Metaspace       used 103330K, capacity 109543K, committed 109824K, reserved 1144832K
  class space    used 13010K, capacity 14239K, committed 14336K, reserved 1048576K
GC Heap History (10 events):
Event: 345.002 GC heap before
{Heap before GC invocations=25 (full 3):
 PSYoungGen      total 332800K, used 300695K [0x00000000e0000000, 0x00000000f8080000, 0x0000000100000000)
  eden space 290304K, 100% used [0x00000000e0000000,0x00000000f1b80000,0x00000000f1b80000)
  from space 42496K, 24% used [0x00000000f1b80000,0x00000000f25a5ec0,0x00000000f4500000)
  to   space 40960K, 0% used [0x00000000f5880000,0x00000000f5880000,0x00000000f8080000)
 ParOldGen       total 131584K, used 92178K [0x00000000a0000000, 0x00000000a8080000, 0x00000000e0000000)
  object space 131584K, 70% used [0x00000000a0000000,0x00000000a5a04870,0x00000000a8080000)
 Metaspace       used 90615K, capacity 96331K, committed 96640K, reserved 1132544K
  class space    used 11510K, capacity 12589K, committed 12672K, reserved 1048576K
Event: 345.022 GC heap after
Heap after GC invocations=25 (full 3):
 PSYoungGen      total 342528K, used 5991K [0x00000000e0000000, 0x00000000f7b00000, 0x0000000100000000)
  eden space 307200K, 0% used [0x00000000e0000000,0x00000000e0000000,0x00000000f2c00000)
  from space 35328K, 16% used [0x00000000f5880000,0x00000000f5e59db8,0x00000000f7b00000)
  to   space 40448K, 0% used [0x00000000f2c00000,0x00000000f2c00000,0x00000000f5380000)
 ParOldGen       total 131584K, used 92186K [0x00000000a0000000, 0x00000000a8080000, 0x00000000e0000000)
  object space 131584K, 70% used [0x00000000a0000000,0x00000000a5a06870,0x00000000a8080000)
 Metaspace       used 90615K, capacity 96331K, committed 96640K, reserved 1132544K
  class space    used 11510K, capacity 12589K, committed 12672K, reserved 1048576K
}
Event: 356.429 GC heap before
{Heap before GC invocations=26 (full 3):
 PSYoungGen      total 342528K, used 180217K [0x00000000e0000000, 0x00000000f7b00000, 0x0000000100000000)
  eden space 307200K, 56% used [0x00000000e0000000,0x00000000eaa249c8,0x00000000f2c00000)
  from space 35328K, 16% used [0x00000000f5880000,0x00000000f5e59db8,0x00000000f7b00000)
  to   space 40448K, 0% used [0x00000000f2c00000,0x00000000f2c00000,0x00000000f5380000)
 ParOldGen       total 131584K, used 92186K [0x00000000a0000000, 0x00000000a8080000, 0x00000000e0000000)
  object space 131584K, 70% used [0x00000000a0000000,0x00000000a5a06870,0x00000000a8080000)
 Metaspace       used 92514K, capacity 98391K, committed 98560K, reserved 1134592K
  class space    used 11704K, capacity 12819K, committed 12928K, reserved 1048576K
Event: 356.510 GC heap after
Heap after GC invocations=26 (full 3):
 PSYoungGen      total 347648K, used 26099K [0x00000000e0000000, 0x00000000f9180000, 0x0000000100000000)
  eden space 307200K, 0% used [0x00000000e0000000,0x00000000e0000000,0x00000000f2c00000)
  from space 40448K, 64% used [0x00000000f2c00000,0x00000000f457cf58,0x00000000f5380000)
  to   space 41984K, 0% used [0x00000000f6880000,0x00000000f6880000,0x00000000f9180000)
 ParOldGen       total 131584K, used 92194K [0x00000000a0000000, 0x00000000a8080000, 0x00000000e0000000)
  object space 131584K, 70% used [0x00000000a0000000,0x00000000a5a08870,0x00000000a8080000)
 Metaspace       used 92514K, capacity 98391K, committed 98560K, reserved 1134592K
  class space    used 11704K, capacity 12819K, committed 12928K, reserved 1048576K
}
Event: 356.510 GC heap before
{Heap before GC invocations=27 (full 4):
 PSYoungGen      total 347648K, used 26099K [0x00000000e0000000, 0x00000000f9180000, 0x0000000100000000)
  eden space 307200K, 0% used [0x00000000e0000000,0x00000000e0000000,0x00000000f2c00000)
  from space 40448K, 64% used [0x00000000f2c00000,0x00000000f457cf58,0x00000000f5380000)
  to   space 41984K, 0% used [0x00000000f6880000,0x00000000f6880000,0x00000000f9180000)
 ParOldGen       total 131584K, used 92194K [0x00000000a0000000, 0x00000000a8080000, 0x00000000e0000000)
  object space 131584K, 70% used [0x00000000a0000000,0x00000000a5a08870,0x00000000a8080000)
 Metaspace       used 92514K, capacity 98391K, committed 98560K, reserved 1134592K
  class space    used 11704K, capacity 12819K, committed 12928K, reserved 1048576K
Event: 357.335 GC heap after
Heap after GC invocations=27 (full 4):
 PSYoungGen      total 347648K, used 0K [0x00000000e0000000, 0x00000000f9180000, 0x0000000100000000)
  eden space 307200K, 0% used [0x00000000e0000000,0x00000000e0000000,0x00000000f2c00000)
  from space 40448K, 0% used [0x00000000f2c00000,0x00000000f2c00000,0x00000000f5380000)
  to   space 41984K, 0% used [0x00000000f6880000,0x00000000f6880000,0x00000000f9180000)
 ParOldGen       total 131584K, used 89757K [0x00000000a0000000, 0x00000000a8080000, 0x00000000e0000000)
  object space 131584K, 68% used [0x00000000a0000000,0x00000000a57a7600,0x00000000a8080000)
 Metaspace       used 92389K, capacity 98027K, committed 98560K, reserved 1134592K
  class space    used 11671K, capacity 12785K, committed 12928K, reserved 1048576K
}
Event: 360.516 GC heap before
{Heap before GC invocations=28 (full 4):
 PSYoungGen      total 347648K, used 307200K [0x00000000e0000000, 0x00000000f9180000, 0x0000000100000000)
  eden space 307200K, 100% used [0x00000000e0000000,0x00000000f2c00000,0x00000000f2c00000)
  from space 40448K, 0% used [0x00000000f2c00000,0x00000000f2c00000,0x00000000f5380000)
  to   space 41984K, 0% used [0x00000000f6880000,0x00000000f6880000,0x00000000f9180000)
 ParOldGen       total 131584K, used 89757K [0x00000000a0000000, 0x00000000a8080000, 0x00000000e0000000)
  object space 131584K, 68% used [0x00000000a0000000,0x00000000a57a7600,0x00000000a8080000)
 Metaspace       used 94692K, capacity 100397K, committed 100608K, reserved 1136640K
  class space    used 11889K, capacity 13016K, committed 13056K, reserved 1048576K
Event: 360.553 GC heap after
Heap after GC invocations=28 (full 4):
 PSYoungGen      total 369152K, used 2292K [0x00000000e0000000, 0x00000000f9980000, 0x0000000100000000)
  eden space 327168K, 0% used [0x00000000e0000000,0x00000000e0000000,0x00000000f3f80000)
  from space 41984K, 5% used [0x00000000f6880000,0x00000000f6abd140,0x00000000f9180000)
  to   space 41984K, 0% used [0x00000000f3f80000,0x00000000f3f80000,0x00000000f6880000)
 ParOldGen       total 131584K, used 89765K [0x00000000a0000000, 0x00000000a8080000, 0x00000000e0000000)
  object space 131584K, 68% used [0x00000000a0000000,0x00000000a57a9600,0x00000000a8080000)
 Metaspace       used 94692K, capacity 100397K, committed 100608K, reserved 1136640K
  class space    used 11889K, capacity 13016K, committed 13056K, reserved 1048576K
}
Event: 376.767 GC heap before
{Heap before GC invocations=29 (full 4):
 PSYoungGen      total 369152K, used 329460K [0x00000000e0000000, 0x00000000f9980000, 0x0000000100000000)
  eden space 327168K, 100% used [0x00000000e0000000,0x00000000f3f80000,0x00000000f3f80000)
  from space 41984K, 5% used [0x00000000f6880000,0x00000000f6abd140,0x00000000f9180000)
  to   space 41984K, 0% used [0x00000000f3f80000,0x00000000f3f80000,0x00000000f6880000)
 ParOldGen       total 131584K, used 89765K [0x00000000a0000000, 0x00000000a8080000, 0x00000000e0000000)
  object space 131584K, 68% used [0x00000000a0000000,0x00000000a57a9600,0x00000000a8080000)
 Metaspace       used 96912K, capacity 102779K, committed 103040K, reserved 1138688K
  class space    used 12161K, capacity 13325K, committed 13440K, reserved 1048576K
Event: 376.805 GC heap after
Heap after GC invocations=29 (full 4):
 PSYoungGen      total 369152K, used 12166K [0x00000000e0000000, 0x00000000f9f80000, 0x0000000100000000)
  eden space 327168K, 0% used [0x00000000e0000000,0x00000000e0000000,0x00000000f3f80000)
  from space 41984K, 28% used [0x00000000f3f80000,0x00000000f4b618d8,0x00000000f6880000)
  to   space 39424K, 0% used [0x00000000f7900000,0x00000000f7900000,0x00000000f9f80000)
 ParOldGen       total 131584K, used 89773K [0x00000000a0000000, 0x00000000a8080000, 0x00000000e0000000)
  object space 131584K, 68% used [0x00000000a0000000,0x00000000a57ab600,0x00000000a8080000)
 Metaspace       used 96912K, capacity 102779K, committed 103040K, reserved 1138688K
  class space    used 12161K, capacity 13325K, committed 13440K, reserved 1048576K
}

